Build started 2017/6/6 16:38:22.
     1>Project "D:\BaiduNetdiskDownload\source\PocoSource__\HTTP-SRV-DLL-X64\HttpSRV\HttpSRV.vcxproj" on node 2 (Build target(s)).
     1>ClCompile:
         C:\Program Files (x86)\Microsoft Visual Studio 12.0\VC\bin\x86_amd64\CL.exe /c /Zi /nologo /W3 /WX- /O2 /Oi /GL /D WIN32 /D NDEBUG /D _WINDOWS /D _USRDLL /D HTTPSRV_EXPORTS /D _WINDLL /D _MBCS /Gm- /EHsc /MD /GS /Gy /fp:precise /Zc:wchar_t /Zc:forScope /Fo"D:\BaiduNetdiskDownload\source\PocoSource__\HTTP-SRV-DLL-X64\\obj\x64\Release\HttpSRV\\" /Fd"D:\BaiduNetdiskDownload\source\PocoSource__\HTTP-SRV-DLL-X64\\obj\x64\Release\HttpSRV\vc120.pdb" /Gd /TP /errorReport:prompt HttpSRV.cpp
         HttpSRV.cpp
     1>d:\baidunetdiskdownload\source\pocosource__\http-srv-dll-x64\httpsrv\HttpSRV.h(17): warning C4251: 'HttpClient::ImpUPtr_' : class 'std::unique_ptr<HttpClient::Imp,std::default_delete<_Ty>>' needs to have dll-interface to be used by clients of class 'HttpClient'
                 with
                 [
                     _Ty=HttpClient::Imp
                 ]
     1>HttpSRV.cpp(134): warning C4267: 'initializing' : conversion from 'size_t' to 'int', possible loss of data
     1>HttpSRV.cpp(184): warning C4267: '=' : conversion from 'size_t' to 'int', possible loss of data
       Link:
         C:\Program Files (x86)\Microsoft Visual Studio 12.0\VC\bin\x86_amd64\link.exe /ERRORREPORT:PROMPT /OUT:"D:\BaiduNetdiskDownload\source\PocoSource__\HTTP-SRV-DLL-X64\\bin\x64\Release\HttpSRV.dll" /INCREMENTAL:NO /NOLOGO kernel32.lib user32.lib gdi32.lib winspool.lib comdlg32.lib advapi32.lib shell32.lib ole32.lib oleaut32.lib uuid.lib odbc32.lib odbccp32.lib /MANIFEST /MANIFESTUAC:"level='asInvoker' uiAccess='false'" /manifest:embed /DEBUG /PDB:"D:\BaiduNetdiskDownload\source\PocoSource__\HTTP-SRV-DLL-X64\\bin\x64\Release\HttpSRV.pdb" /SUBSYSTEM:WINDOWS /OPT:REF /OPT:ICF /LTCG /TLBID:1 /DYNAMICBASE /NXCOMPAT /IMPLIB:"D:\BaiduNetdiskDownload\source\PocoSource__\HTTP-SRV-DLL-X64\\bin\x64\Release\HttpSRV.lib" /MACHINE:X64 /DLL "D:\BaiduNetdiskDownload\source\PocoSource__\HTTP-SRV-DLL-X64\\obj\x64\Release\HttpSRV\HttpSRV.obj"
            Creating library D:\BaiduNetdiskDownload\source\PocoSource__\HTTP-SRV-DLL-X64\\bin\x64\Release\HttpSRV.lib and object D:\BaiduNetdiskDownload\source\PocoSource__\HTTP-SRV-DLL-X64\\bin\x64\Release\HttpSRV.exp
         Generating code
         Finished generating code
         HttpSRV.vcxproj -> D:\BaiduNetdiskDownload\source\PocoSource__\HTTP-SRV-DLL-X64\\bin\x64\Release\HttpSRV.dll
     1>Done Building Project "D:\BaiduNetdiskDownload\source\PocoSource__\HTTP-SRV-DLL-X64\HttpSRV\HttpSRV.vcxproj" (Build target(s)).

Build succeeded.

Time Elapsed 00:00:01.29
