d:\baidunetdiskdownload\source\pocosource\http-srv-dll-x64\obj\x64\debug\httpserver\vc120.pdb
d:\baidunetdiskdownload\source\pocosource\http-srv-dll-x64\obj\x64\debug\httpserver\vc120.idb
d:\baidunetdiskdownload\source\pocosource\http-srv-dll-x64\obj\x64\debug\httpserver\httpserver.obj
d:\baidunetdiskdownload\source\pocosource\http-srv-dll-x64\bin\x64\debug\httpserver.lib
d:\baidunetdiskdownload\source\pocosource\http-srv-dll-x64\bin\x64\debug\httpserver.exp
d:\baidunetdiskdownload\source\pocosource\http-srv-dll-x64\bin\x64\debug\httpserver.ilk
d:\baidunetdiskdownload\source\pocosource\http-srv-dll-x64\bin\x64\debug\httpserver.dll
d:\baidunetdiskdownload\source\pocosource\http-srv-dll-x64\bin\x64\debug\httpserver.pdb
d:\baidunetdiskdownload\source\pocosource__\http-srv-dll-x64\obj\x64\debug\httpserver\httpserver.obj
d:\baidunetdiskdownload\source\pocosource__\http-srv-dll-x64\obj\x64\debug\httpserver\vc120.idb
d:\baidunetdiskdownload\source\pocosource__\http-srv-dll-x64\obj\x64\debug\httpserver\vc120.pdb
d:\baidunetdiskdownload\source\pocosource__\http-srv-dll-x64\\bin\x64\debug\httpserver.pdb
d:\baidunetdiskdownload\source\pocosource__\http-srv-dll-x64\\bin\x64\debug\httpserver.dll
d:\baidunetdiskdownload\source\pocosource__\http-srv-dll-x64\\bin\x64\debug\httpserver.ilk
d:\baidunetdiskdownload\source\pocosource__\http-srv-dll-x64\obj\x64\debug\httpserver\httpserver.tlog\cl.command.1.tlog
d:\baidunetdiskdownload\source\pocosource__\http-srv-dll-x64\obj\x64\debug\httpserver\httpserver.tlog\cl.read.1.tlog
d:\baidunetdiskdownload\source\pocosource__\http-srv-dll-x64\obj\x64\debug\httpserver\httpserver.tlog\cl.write.1.tlog
d:\baidunetdiskdownload\source\pocosource__\http-srv-dll-x64\obj\x64\debug\httpserver\httpserver.tlog\httpserver.write.1u.tlog
d:\baidunetdiskdownload\source\pocosource__\http-srv-dll-x64\obj\x64\debug\httpserver\httpserver.tlog\link.command.1.tlog
d:\baidunetdiskdownload\source\pocosource__\http-srv-dll-x64\obj\x64\debug\httpserver\httpserver.tlog\link.read.1.tlog
d:\baidunetdiskdownload\source\pocosource__\http-srv-dll-x64\obj\x64\debug\httpserver\httpserver.tlog\link.write.1.tlog
