Build started 2017/6/6 17:06:22.
     1>Project "D:\BaiduNetdiskDownload\source\PocoSource__\HTTP-SRV-DLL-X64\asio\asio.vcxproj" on node 2 (Build target(s)).
     1>ClCompile:
         C:\Program Files (x86)\Microsoft Visual Studio 12.0\VC\bin\x86_amd64\CL.exe /c /Zi /nologo /W3 /WX- /O2 /Oi /GL /D WIN32 /D NDEBUG /D _CONSOLE /D _LIB /D _UNICODE /D UNICODE /Gm- /EHsc /MD /GS /Gy /fp:precise /Zc:wchar_t /Zc:forScope /Fo"x64\Release\\" /Fd"x64\Release\vc120.pdb" /Gd /TP /errorReport:prompt AsyncThreadPool.cpp main.cpp Proactor.cpp
         AsyncThreadPool.cpp
         main.cpp
         Please define _WIN32_WINNT or _WIN32_WINDOWS appropriately. For example:
         - add -D_WIN32_WINNT=0x0501 to the compiler command line; or
         - add _WIN32_WINNT=0x0501 to your project's Preprocessor Definitions.
         Assuming _WIN32_WINNT=0x0501 (i.e. Windows XP target).
         Proactor.cpp
       Link:
         C:\Program Files (x86)\Microsoft Visual Studio 12.0\VC\bin\x86_amd64\link.exe /ERRORREPORT:PROMPT /OUT:"D:\BaiduNetdiskDownload\source\PocoSource__\HTTP-SRV-DLL-X64\x64\Release\asio.exe" /INCREMENTAL:NO /NOLOGO kernel32.lib user32.lib gdi32.lib winspool.lib comdlg32.lib advapi32.lib shell32.lib ole32.lib oleaut32.lib uuid.lib odbc32.lib odbccp32.lib /MANIFEST /MANIFESTUAC:"level='asInvoker' uiAccess='false'" /manifest:embed /DEBUG /PDB:"D:\BaiduNetdiskDownload\source\PocoSource__\HTTP-SRV-DLL-X64\x64\Release\asio.pdb" /SUBSYSTEM:CONSOLE /OPT:REF /OPT:ICF /LTCG /TLBID:1 /DYNAMICBASE /NXCOMPAT /IMPLIB:"D:\BaiduNetdiskDownload\source\PocoSource__\HTTP-SRV-DLL-X64\x64\Release\asio.lib" /MACHINE:X64 x64\Release\AsyncThreadPool.obj
         x64\Release\main.obj
         x64\Release\Proactor.obj
         Generating code
         Finished generating code
         asio.vcxproj -> D:\BaiduNetdiskDownload\source\PocoSource__\HTTP-SRV-DLL-X64\x64\Release\asio.exe
     1>Done Building Project "D:\BaiduNetdiskDownload\source\PocoSource__\HTTP-SRV-DLL-X64\asio\asio.vcxproj" (Build target(s)).

Build succeeded.

Time Elapsed 00:00:08.19
