[2017-04-25 20:58:14.047] 172 main.cpp:560 start
[2017-09-14 15:53:22.119] 176 main.cpp:560 start
[2017-09-14 16:37:07.976] 176 main.cpp:560 start
[2017-09-14 17:36:33.413] 576 aos_buf.c:84 apr_file_open failure, code:720003 系统找不到指定的路径。  .
[2017-09-14 17:36:33.414] 576 oss_util.c:314 Open read file fail, filename:d:/pic_dressed/ 0_chenzixun/3333.jpg
[2017-09-14 17:37:29.417] 576 aos_buf.c:84 apr_file_open failure, code:720002 系统找不到指定的文件。  .
[2017-09-14 17:37:29.417] 576 oss_util.c:314 Open read file fail, filename:d:/pic_dressed/0_chenzixun/4444.jpg
[2017-09-14 18:33:21.494] 176 main.cpp:560 start
[2017-09-16 16:04:35.481] 192 aos_buf.c:84 apr_file_open failure, code:720005 拒绝访问。  .
[2017-09-16 16:04:35.573] 192 oss_util.c:314 Open read file fail, filename:d:/pic_dressed/b57fc111533958da7e11c4da9aba7f20/3333.jpg
[2017-09-16 16:04:35.602] 556 aos_buf.c:84 apr_file_open failure, code:720002 系统找不到指定的文件。  .
[2017-09-16 16:04:35.602] 556 oss_util.c:314 Open read file fail, filename:d:/pic_dressed/b57fc111533958da7e11c4da9aba7f20/4444.jpg
[2017-09-16 16:18:44.936] 176 main.cpp:561 start
[2017-09-18 16:36:50.212] 600 aos_buf.c:84 apr_file_open failure, code:720003 系统找不到指定的路径。  .
[2017-09-18 16:36:50.223] 600 oss_util.c:314 Open read file fail, filename:
[2017-09-18 16:36:50.236] 580 aos_buf.c:84 apr_file_open failure, code:720003 系统找不到指定的路径。  .
[2017-09-18 16:36:50.236] 580 oss_util.c:314 Open read file fail, filename:01.png/matt.png
[2017-09-18 16:36:50.240] 600 aos_buf.c:84 apr_file_open failure, code:720003 系统找不到指定的路径。  .
[2017-09-18 16:36:50.240] 600 oss_util.c:314 Open read file fail, filename:01.png/dress.png
[2017-09-18 16:42:12.273] 600 aos_buf.c:84 apr_file_open failure, code:720003 系统找不到指定的路径。  .
[2017-09-18 16:42:12.273] 600 oss_util.c:314 Open read file fail, filename:01.png/matt.png
[2017-09-18 16:42:12.275] 580 aos_buf.c:84 apr_file_open failure, code:720003 系统找不到指定的路径。  .
[2017-09-18 16:42:12.275] 580 oss_util.c:314 Open read file fail, filename:01.png/dress.png
[2017-09-18 16:49:46.139] 580 aos_buf.c:84 apr_file_open failure, code:720003 系统找不到指定的路径。  .
[2017-09-18 16:49:46.140] 580 oss_util.c:314 Open read file fail, filename:01.png/matt.png
[2017-09-18 16:49:46.145] 600 aos_buf.c:84 apr_file_open failure, code:720003 系统找不到指定的路径。  .
[2017-09-18 16:49:46.145] 600 oss_util.c:314 Open read file fail, filename:01.png/dress.png
[2017-09-18 16:56:04.454] 600 aos_buf.c:84 apr_file_open failure, code:720005 拒绝访问。  .
[2017-09-18 16:56:04.455] 600 oss_util.c:314 Open read file fail, filename:d:/unzip/oss_test/1_chenzixun
[2017-09-18 16:56:11.290] 600 aos_buf.c:84 apr_file_open failure, code:720002 系统找不到指定的文件。  .
[2017-09-18 16:56:11.290] 600 oss_util.c:314 Open read file fail, filename:d:/unzip/oss_test/1_chenzixun/matt.png
[2017-09-18 16:56:11.292] 580 aos_buf.c:84 apr_file_open failure, code:720002 系统找不到指定的文件。  .
[2017-09-18 16:56:11.292] 580 oss_util.c:314 Open read file fail, filename:d:/unzip/oss_test/1_chenzixun/dress.png
[2017-09-18 17:44:31.463] 176 main.cpp:561 start
[2017-09-19 18:04:20.781] 576 aos_buf.c:84 apr_file_open failure, code:720002 系统找不到指定的文件。  .
[2017-09-19 18:04:20.827] 576 oss_util.c:314 Open read file fail, filename:d:/unzip/fd1552f86f9c6622f9268b6a4b8f9ef6/1_1/matt.png
[2017-09-19 18:04:20.858] 576 aos_buf.c:84 apr_file_open failure, code:720002 系统找不到指定的文件。  .
[2017-09-19 18:04:20.858] 576 oss_util.c:314 Open read file fail, filename:d:/unzip/fd1552f86f9c6622f9268b6a4b8f9ef6/1_1/dress.png
[2017-09-19 18:07:11.835] 576 aos_buf.c:84 apr_file_open failure, code:720002 系统找不到指定的文件。  .
[2017-09-19 18:07:11.836] 576 oss_util.c:314 Open read file fail, filename:d:/unzip/fd1552f86f9c6622f9268b6a4b8f9ef6/1_1/matt.png
[2017-09-19 18:07:11.837] 604 aos_buf.c:84 apr_file_open failure, code:720002 系统找不到指定的文件。  .
[2017-09-19 18:07:11.837] 604 oss_util.c:314 Open read file fail, filename:d:/unzip/fd1552f86f9c6622f9268b6a4b8f9ef6/1_1/dress.png
[2017-09-19 18:18:14.126] 604 aos_buf.c:84 apr_file_open failure, code:720002 系统找不到指定的文件。  .
[2017-09-19 18:18:14.127] 604 oss_util.c:314 Open read file fail, filename:d:/unzip/5c5d502fad88e14984aeac2b94a96fd1/1_1/matt.png
[2017-09-19 18:18:14.132] 648 aos_buf.c:84 apr_file_open failure, code:720002 系统找不到指定的文件。  .
[2017-09-19 18:18:14.132] 648 oss_util.c:314 Open read file fail, filename:d:/unzip/5c5d502fad88e14984aeac2b94a96fd1/1_1/dress.png
[2017-09-19 18:18:33.515] 648 aos_buf.c:84 apr_file_open failure, code:720002 系统找不到指定的文件。  .
[2017-09-19 18:18:33.515] 648 oss_util.c:314 Open read file fail, filename:d:/unzip/5c5d502fad88e14984aeac2b94a96fd1/1_2/matt.png
[2017-09-19 18:18:33.521] 604 aos_buf.c:84 apr_file_open failure, code:720002 系统找不到指定的文件。  .
[2017-09-19 18:18:33.521] 604 oss_util.c:314 Open read file fail, filename:d:/unzip/5c5d502fad88e14984aeac2b94a96fd1/1_2/dress.png
[2017-09-19 18:25:48.819] 604 aos_buf.c:84 apr_file_open failure, code:720002 系统找不到指定的文件。  .
[2017-09-19 18:25:48.820] 604 oss_util.c:314 Open read file fail, filename:d:/unzip/5c5d502fad88e14984aeac2b94a96fd1/1_1/matt.png
[2017-09-19 18:25:48.825] 648 aos_buf.c:84 apr_file_open failure, code:720002 系统找不到指定的文件。  .
[2017-09-19 18:25:48.825] 648 oss_util.c:314 Open read file fail, filename:d:/unzip/5c5d502fad88e14984aeac2b94a96fd1/1_1/dress.png
[2017-09-19 18:26:05.768] 648 aos_buf.c:84 apr_file_open failure, code:720002 系统找不到指定的文件。  .
[2017-09-19 18:26:05.769] 648 oss_util.c:314 Open read file fail, filename:d:/unzip/5c5d502fad88e14984aeac2b94a96fd1/1_2/matt.png
[2017-09-19 18:26:05.773] 604 aos_buf.c:84 apr_file_open failure, code:720002 系统找不到指定的文件。  .
[2017-09-19 18:26:05.773] 604 oss_util.c:314 Open read file fail, filename:d:/unzip/5c5d502fad88e14984aeac2b94a96fd1/1_2/dress.png
[2017-09-19 18:26:51.987] 648 aos_buf.c:84 apr_file_open failure, code:720002 系统找不到指定的文件。  .
[2017-09-19 18:26:51.988] 648 oss_util.c:314 Open read file fail, filename:d:/unzip/5c5d502fad88e14984aeac2b94a96fd1/1_1/matt.png
[2017-09-19 18:26:51.994] 604 aos_buf.c:84 apr_file_open failure, code:720002 系统找不到指定的文件。  .
[2017-09-19 18:26:51.994] 604 oss_util.c:314 Open read file fail, filename:d:/unzip/5c5d502fad88e14984aeac2b94a96fd1/1_1/dress.png
[2017-09-19 18:27:09.094] 604 aos_buf.c:84 apr_file_open failure, code:720002 系统找不到指定的文件。  .
[2017-09-19 18:27:09.094] 604 oss_util.c:314 Open read file fail, filename:d:/unzip/5c5d502fad88e14984aeac2b94a96fd1/1_2/matt.png
[2017-09-19 18:27:09.100] 648 aos_buf.c:84 apr_file_open failure, code:720002 系统找不到指定的文件。  .
[2017-09-19 18:27:09.100] 648 oss_util.c:314 Open read file fail, filename:d:/unzip/5c5d502fad88e14984aeac2b94a96fd1/1_2/dress.png
[2017-09-19 18:31:13.543] 604 aos_buf.c:84 apr_file_open failure, code:720002 系统找不到指定的文件。  .
[2017-09-19 18:31:13.543] 604 oss_util.c:314 Open read file fail, filename:d:/unzip/5c5d502fad88e14984aeac2b94a96fd1/1_1/matt.png
[2017-09-19 18:31:13.548] 648 aos_buf.c:84 apr_file_open failure, code:720002 系统找不到指定的文件。  .
[2017-09-19 18:31:13.549] 648 oss_util.c:314 Open read file fail, filename:d:/unzip/5c5d502fad88e14984aeac2b94a96fd1/1_1/dress.png
[2017-09-19 18:31:30.421] 648 aos_buf.c:84 apr_file_open failure, code:720002 系统找不到指定的文件。  .
[2017-09-19 18:31:30.422] 648 oss_util.c:314 Open read file fail, filename:d:/unzip/5c5d502fad88e14984aeac2b94a96fd1/1_2/matt.png
[2017-09-19 18:31:30.427] 604 aos_buf.c:84 apr_file_open failure, code:720002 系统找不到指定的文件。  .
[2017-09-19 18:31:30.427] 604 oss_util.c:314 Open read file fail, filename:d:/unzip/5c5d502fad88e14984aeac2b94a96fd1/1_2/dress.png
[2017-09-19 18:37:58.956] 648 aos_buf.c:84 apr_file_open failure, code:720002 系统找不到指定的文件。  .
[2017-09-19 18:37:58.956] 648 oss_util.c:314 Open read file fail, filename:d:/unzip/5c5d502fad88e14984aeac2b94a96fd1/1_1/matt.png
[2017-09-19 18:37:58.962] 604 aos_buf.c:84 apr_file_open failure, code:720002 系统找不到指定的文件。  .
[2017-09-19 18:37:58.962] 604 oss_util.c:314 Open read file fail, filename:d:/unzip/5c5d502fad88e14984aeac2b94a96fd1/1_1/dress.png
[2017-09-19 18:38:15.829] 604 aos_buf.c:84 apr_file_open failure, code:720002 系统找不到指定的文件。  .
[2017-09-19 18:38:15.829] 604 oss_util.c:314 Open read file fail, filename:d:/unzip/5c5d502fad88e14984aeac2b94a96fd1/1_2/matt.png
[2017-09-19 18:38:15.836] 648 aos_buf.c:84 apr_file_open failure, code:720002 系统找不到指定的文件。  .
[2017-09-19 18:38:15.836] 648 oss_util.c:314 Open read file fail, filename:d:/unzip/5c5d502fad88e14984aeac2b94a96fd1/1_2/dress.png
[2017-09-19 18:41:31.316] 604 aos_buf.c:84 apr_file_open failure, code:720002 系统找不到指定的文件。  .
[2017-09-19 18:41:31.317] 604 oss_util.c:314 Open read file fail, filename:d:/unzip/5c5d502fad88e14984aeac2b94a96fd1/1_1/matt.png
[2017-09-19 18:41:31.322] 648 aos_buf.c:84 apr_file_open failure, code:720002 系统找不到指定的文件。  .
[2017-09-19 18:41:31.322] 648 oss_util.c:314 Open read file fail, filename:d:/unzip/5c5d502fad88e14984aeac2b94a96fd1/1_1/dress.png
[2017-09-19 18:41:48.204] 648 aos_buf.c:84 apr_file_open failure, code:720002 系统找不到指定的文件。  .
[2017-09-19 18:41:48.204] 648 oss_util.c:314 Open read file fail, filename:d:/unzip/5c5d502fad88e14984aeac2b94a96fd1/1_2/matt.png
[2017-09-19 18:41:48.209] 604 aos_buf.c:84 apr_file_open failure, code:720002 系统找不到指定的文件。  .
[2017-09-19 18:41:48.209] 604 oss_util.c:314 Open read file fail, filename:d:/unzip/5c5d502fad88e14984aeac2b94a96fd1/1_2/dress.png
[2017-09-19 18:45:08.245] 648 aos_buf.c:84 apr_file_open failure, code:720002 系统找不到指定的文件。  .
[2017-09-19 18:45:08.245] 648 oss_util.c:314 Open read file fail, filename:d:/unzip/5c5d502fad88e14984aeac2b94a96fd1/1_1/matt.png
[2017-09-19 18:45:08.250] 604 aos_buf.c:84 apr_file_open failure, code:720002 系统找不到指定的文件。  .
[2017-09-19 18:45:08.251] 604 oss_util.c:314 Open read file fail, filename:d:/unzip/5c5d502fad88e14984aeac2b94a96fd1/1_1/dress.png
[2017-09-19 18:45:25.067] 604 aos_buf.c:84 apr_file_open failure, code:720002 系统找不到指定的文件。  .
[2017-09-19 18:45:25.068] 604 oss_util.c:314 Open read file fail, filename:d:/unzip/5c5d502fad88e14984aeac2b94a96fd1/1_2/matt.png
[2017-09-19 18:45:25.083] 648 aos_buf.c:84 apr_file_open failure, code:720002 系统找不到指定的文件。  .
[2017-09-19 18:45:25.084] 648 oss_util.c:314 Open read file fail, filename:d:/unzip/5c5d502fad88e14984aeac2b94a96fd1/1_2/dress.png
[2017-09-19 18:46:42.879] 604 aos_buf.c:84 apr_file_open failure, code:720002 系统找不到指定的文件。  .
[2017-09-19 18:46:42.880] 604 oss_util.c:314 Open read file fail, filename:d:/unzip/5c5d502fad88e14984aeac2b94a96fd1/1_1/matt.png
[2017-09-19 18:46:42.894] 648 aos_buf.c:84 apr_file_open failure, code:720002 系统找不到指定的文件。  .
[2017-09-19 18:46:42.894] 648 oss_util.c:314 Open read file fail, filename:d:/unzip/5c5d502fad88e14984aeac2b94a96fd1/1_1/dress.png
[2017-09-19 18:46:59.757] 648 aos_buf.c:84 apr_file_open failure, code:720002 系统找不到指定的文件。  .
[2017-09-19 18:46:59.757] 648 oss_util.c:314 Open read file fail, filename:d:/unzip/5c5d502fad88e14984aeac2b94a96fd1/1_2/matt.png
[2017-09-19 18:46:59.763] 604 aos_buf.c:84 apr_file_open failure, code:720002 系统找不到指定的文件。  .
[2017-09-19 18:46:59.763] 604 oss_util.c:314 Open read file fail, filename:d:/unzip/5c5d502fad88e14984aeac2b94a96fd1/1_2/dress.png
[2017-09-19 18:48:33.026] 648 aos_buf.c:84 apr_file_open failure, code:720002 系统找不到指定的文件。  .
[2017-09-19 18:48:33.027] 648 oss_util.c:314 Open read file fail, filename:d:/unzip/5c5d502fad88e14984aeac2b94a96fd1/1_1/matt.png
[2017-09-19 18:48:33.032] 604 aos_buf.c:84 apr_file_open failure, code:720002 系统找不到指定的文件。  .
[2017-09-19 18:48:33.032] 604 oss_util.c:314 Open read file fail, filename:d:/unzip/5c5d502fad88e14984aeac2b94a96fd1/1_1/dress.png
[2017-09-19 18:48:52.050] 604 aos_buf.c:84 apr_file_open failure, code:720002 系统找不到指定的文件。  .
[2017-09-19 18:48:52.051] 604 oss_util.c:314 Open read file fail, filename:d:/unzip/5c5d502fad88e14984aeac2b94a96fd1/1_2/matt.png
[2017-09-19 18:48:52.056] 648 aos_buf.c:84 apr_file_open failure, code:720002 系统找不到指定的文件。  .
[2017-09-19 18:48:52.056] 648 oss_util.c:314 Open read file fail, filename:d:/unzip/5c5d502fad88e14984aeac2b94a96fd1/1_2/dress.png
[2017-09-19 18:50:57.894] 604 aos_buf.c:84 apr_file_open failure, code:720002 系统找不到指定的文件。  .
[2017-09-19 18:50:57.894] 604 oss_util.c:314 Open read file fail, filename:d:/unzip/5c5d502fad88e14984aeac2b94a96fd1/1_1/matt.png
[2017-09-19 18:50:57.900] 648 aos_buf.c:84 apr_file_open failure, code:720002 系统找不到指定的文件。  .
[2017-09-19 18:50:57.900] 648 oss_util.c:314 Open read file fail, filename:d:/unzip/5c5d502fad88e14984aeac2b94a96fd1/1_1/dress.png
[2017-09-19 18:51:16.843] 648 aos_buf.c:84 apr_file_open failure, code:720002 系统找不到指定的文件。  .
[2017-09-19 18:51:16.843] 648 oss_util.c:314 Open read file fail, filename:d:/unzip/5c5d502fad88e14984aeac2b94a96fd1/1_2/matt.png
[2017-09-19 18:51:16.855] 604 aos_buf.c:84 apr_file_open failure, code:720002 系统找不到指定的文件。  .
[2017-09-19 18:51:16.855] 604 oss_util.c:314 Open read file fail, filename:d:/unzip/5c5d502fad88e14984aeac2b94a96fd1/1_2/dress.png
[2017-09-19 18:53:30.452] 648 aos_buf.c:84 apr_file_open failure, code:720002 系统找不到指定的文件。  .
[2017-09-19 18:53:30.452] 648 oss_util.c:314 Open read file fail, filename:d:/unzip/5c5d502fad88e14984aeac2b94a96fd1/1_1/matt.png
[2017-09-19 18:53:30.457] 604 aos_buf.c:84 apr_file_open failure, code:720002 系统找不到指定的文件。  .
[2017-09-19 18:53:30.457] 604 oss_util.c:314 Open read file fail, filename:d:/unzip/5c5d502fad88e14984aeac2b94a96fd1/1_1/dress.png
[2017-09-19 18:53:49.391] 604 aos_buf.c:84 apr_file_open failure, code:720002 系统找不到指定的文件。  .
[2017-09-19 18:53:49.392] 604 oss_util.c:314 Open read file fail, filename:d:/unzip/5c5d502fad88e14984aeac2b94a96fd1/1_2/matt.png
[2017-09-19 18:53:49.397] 648 aos_buf.c:84 apr_file_open failure, code:720002 系统找不到指定的文件。  .
[2017-09-19 18:53:49.397] 648 oss_util.c:314 Open read file fail, filename:d:/unzip/5c5d502fad88e14984aeac2b94a96fd1/1_2/dress.png
[2017-09-20 09:43:12.673] 648 aos_buf.c:84 apr_file_open failure, code:720002 系统找不到指定的文件。  .
[2017-09-20 09:43:12.713] 648 oss_util.c:314 Open read file fail, filename:d:/unzip/a511d192d43e0ce5c941e41f15fb7b05/1_2/matt.png
[2017-09-20 09:43:12.737] 604 aos_buf.c:84 apr_file_open failure, code:720002 系统找不到指定的文件。  .
[2017-09-20 09:43:12.737] 604 oss_util.c:314 Open read file fail, filename:d:/unzip/a511d192d43e0ce5c941e41f15fb7b05/1_2/dress.png
[2017-09-20 09:46:12.439] 648 aos_buf.c:84 apr_file_open failure, code:720002 系统找不到指定的文件。  .
[2017-09-20 09:46:12.439] 648 oss_util.c:314 Open read file fail, filename:d:/unzip/a511d192d43e0ce5c941e41f15fb7b05/1_2/matt.png
[2017-09-20 09:46:12.447] 604 aos_buf.c:84 apr_file_open failure, code:720002 系统找不到指定的文件。  .
[2017-09-20 09:46:12.447] 604 oss_util.c:314 Open read file fail, filename:d:/unzip/a511d192d43e0ce5c941e41f15fb7b05/1_2/dress.png
[2017-09-20 09:50:26.926] 648 aos_buf.c:84 apr_file_open failure, code:720002 系统找不到指定的文件。  .
[2017-09-20 09:50:26.926] 648 oss_util.c:314 Open read file fail, filename:d:/unzip/a511d192d43e0ce5c941e41f15fb7b05/1_2/matt.png
[2017-09-20 09:50:26.943] 604 aos_buf.c:84 apr_file_open failure, code:720002 系统找不到指定的文件。  .
[2017-09-20 09:50:26.943] 604 oss_util.c:314 Open read file fail, filename:d:/unzip/a511d192d43e0ce5c941e41f15fb7b05/1_2/dress.png
[2017-09-20 09:55:21.556] 604 aos_buf.c:84 apr_file_open failure, code:720002 系统找不到指定的文件。  .
[2017-09-20 09:55:21.556] 604 oss_util.c:314 Open read file fail, filename:d:/unzip/a511d192d43e0ce5c941e41f15fb7b05/1_2/matt.png
[2017-09-20 09:55:21.573] 648 aos_buf.c:84 apr_file_open failure, code:720002 系统找不到指定的文件。  .
[2017-09-20 09:55:21.573] 648 oss_util.c:314 Open read file fail, filename:d:/unzip/a511d192d43e0ce5c941e41f15fb7b05/1_2/dress.png
[2017-09-20 09:57:17.393] 648 aos_buf.c:84 apr_file_open failure, code:720002 系统找不到指定的文件。  .
[2017-09-20 09:57:17.393] 648 oss_util.c:314 Open read file fail, filename:d:/unzip/a511d192d43e0ce5c941e41f15fb7b05/1_2/matt.png
[2017-09-20 09:57:17.402] 604 aos_buf.c:84 apr_file_open failure, code:720002 系统找不到指定的文件。  .
[2017-09-20 09:57:17.402] 604 oss_util.c:314 Open read file fail, filename:d:/unzip/a511d192d43e0ce5c941e41f15fb7b05/1_2/dress.png
[2017-09-20 10:04:57.775] 604 aos_buf.c:84 apr_file_open failure, code:720002 系统找不到指定的文件。  .
[2017-09-20 10:04:57.775] 604 oss_util.c:314 Open read file fail, filename:d:/unzip/a511d192d43e0ce5c941e41f15fb7b05/1_2/matt.png
[2017-09-20 10:04:57.782] 648 aos_buf.c:84 apr_file_open failure, code:720002 系统找不到指定的文件。  .
[2017-09-20 10:04:57.782] 648 oss_util.c:314 Open read file fail, filename:d:/unzip/a511d192d43e0ce5c941e41f15fb7b05/1_2/dress.png
[2017-09-20 10:08:15.448] 604 aos_buf.c:84 apr_file_open failure, code:720002 系统找不到指定的文件。  .
[2017-09-20 10:08:15.448] 604 oss_util.c:314 Open read file fail, filename:d:/unzip/a511d192d43e0ce5c941e41f15fb7b05/1_2/matt.png
[2017-09-20 10:08:15.455] 648 aos_buf.c:84 apr_file_open failure, code:720002 系统找不到指定的文件。  .
[2017-09-20 10:08:15.455] 648 oss_util.c:314 Open read file fail, filename:d:/unzip/a511d192d43e0ce5c941e41f15fb7b05/1_2/dress.png
[2017-09-20 10:14:11.926] 604 aos_buf.c:84 apr_file_open failure, code:720002 系统找不到指定的文件。  .
[2017-09-20 10:14:11.926] 604 oss_util.c:314 Open read file fail, filename:d:/unzip/a511d192d43e0ce5c941e41f15fb7b05/1_2/matt.png
[2017-09-20 10:14:11.934] 648 aos_buf.c:84 apr_file_open failure, code:720002 系统找不到指定的文件。  .
[2017-09-20 10:14:11.934] 648 oss_util.c:314 Open read file fail, filename:d:/unzip/a511d192d43e0ce5c941e41f15fb7b05/1_2/dress.png
[2017-09-20 10:59:09.290] 648 aos_buf.c:84 apr_file_open failure, code:720002 系统找不到指定的文件。  .
[2017-09-20 10:59:09.290] 648 oss_util.c:314 Open read file fail, filename:d:/unzip/d3e1d38c42796ab5ddee184ec87f258c/1_2/matt.png
[2017-09-20 10:59:09.293] 604 aos_buf.c:84 apr_file_open failure, code:720002 系统找不到指定的文件。  .
[2017-09-20 10:59:09.293] 604 oss_util.c:314 Open read file fail, filename:d:/unzip/d3e1d38c42796ab5ddee184ec87f258c/1_2/dress.png
[2017-09-20 11:04:59.826] 648 aos_buf.c:84 apr_file_open failure, code:720002 系统找不到指定的文件。  .
[2017-09-20 11:04:59.826] 648 oss_util.c:314 Open read file fail, filename:d:/unzip/7e05669cd3d09891b2b7fca67cdd0034/1_005/matt.png
[2017-09-20 11:04:59.832] 604 aos_buf.c:84 apr_file_open failure, code:720002 系统找不到指定的文件。  .
[2017-09-20 11:04:59.832] 604 oss_util.c:314 Open read file fail, filename:d:/unzip/7e05669cd3d09891b2b7fca67cdd0034/1_005/dress.png
[2017-09-20 11:09:30.113] 648 aos_buf.c:84 apr_file_open failure, code:720002 系统找不到指定的文件。  .
[2017-09-20 11:09:30.113] 648 oss_util.c:314 Open read file fail, filename:d:/unzip/7e05669cd3d09891b2b7fca67cdd0034/1_005/matt.png
[2017-09-20 11:09:30.119] 604 aos_buf.c:84 apr_file_open failure, code:720002 系统找不到指定的文件。  .
[2017-09-20 11:09:30.119] 604 oss_util.c:314 Open read file fail, filename:d:/unzip/7e05669cd3d09891b2b7fca67cdd0034/1_005/dress.png
[2017-09-20 11:22:04.042] 648 aos_buf.c:84 apr_file_open failure, code:720002 系统找不到指定的文件。  .
[2017-09-20 11:22:04.042] 648 oss_util.c:314 Open read file fail, filename:d:/unzip/7e05669cd3d09891b2b7fca67cdd0034/1_005/matt.png
[2017-09-20 11:22:04.049] 604 aos_buf.c:84 apr_file_open failure, code:720002 系统找不到指定的文件。  .
[2017-09-20 11:22:04.049] 604 oss_util.c:314 Open read file fail, filename:d:/unzip/7e05669cd3d09891b2b7fca67cdd0034/1_005/dress.png
[2017-09-20 11:28:44.570] 604 aos_buf.c:84 apr_file_open failure, code:720002 系统找不到指定的文件。  .
[2017-09-20 11:28:44.570] 604 oss_util.c:314 Open read file fail, filename:d:/unzip/d3e1d38c42796ab5ddee184ec87f258c/1_2/matt.png
[2017-09-20 11:28:44.575] 648 aos_buf.c:84 apr_file_open failure, code:720002 系统找不到指定的文件。  .
[2017-09-20 11:28:44.575] 648 oss_util.c:314 Open read file fail, filename:d:/unzip/d3e1d38c42796ab5ddee184ec87f258c/1_2/dress.png
[2017-09-20 11:46:32.859] 648 aos_buf.c:84 apr_file_open failure, code:720002 系统找不到指定的文件。  .
[2017-09-20 11:46:32.859] 648 oss_util.c:314 Open read file fail, filename:d:/unzip/e5adf5389828242314123e789328ee14/1_001/matt.png
[2017-09-20 11:46:32.874] 604 aos_buf.c:84 apr_file_open failure, code:720002 系统找不到指定的文件。  .
[2017-09-20 11:46:32.874] 604 oss_util.c:314 Open read file fail, filename:d:/unzip/e5adf5389828242314123e789328ee14/1_001/dress.png
[2017-09-20 11:46:59.647] 604 aos_buf.c:84 apr_file_open failure, code:720002 系统找不到指定的文件。  .
[2017-09-20 11:46:59.647] 604 oss_util.c:314 Open read file fail, filename:d:/unzip/e5adf5389828242314123e789328ee14/1_002/matt.png
[2017-09-20 11:46:59.662] 648 aos_buf.c:84 apr_file_open failure, code:720002 系统找不到指定的文件。  .
[2017-09-20 11:46:59.662] 648 oss_util.c:314 Open read file fail, filename:d:/unzip/e5adf5389828242314123e789328ee14/1_002/dress.png
[2017-09-20 11:47:25.998] 604 aos_buf.c:84 apr_file_open failure, code:720002 系统找不到指定的文件。  .
[2017-09-20 11:47:25.998] 604 oss_util.c:314 Open read file fail, filename:d:/unzip/e5adf5389828242314123e789328ee14/1_003/matt.png
[2017-09-20 11:47:26.004] 648 aos_buf.c:84 apr_file_open failure, code:720002 系统找不到指定的文件。  .
[2017-09-20 11:47:26.004] 648 oss_util.c:314 Open read file fail, filename:d:/unzip/e5adf5389828242314123e789328ee14/1_003/dress.png
[2017-09-20 11:47:52.446] 604 aos_buf.c:84 apr_file_open failure, code:720002 系统找不到指定的文件。  .
[2017-09-20 11:47:52.446] 604 oss_util.c:314 Open read file fail, filename:d:/unzip/e5adf5389828242314123e789328ee14/1_004/matt.png
[2017-09-20 11:47:52.453] 648 aos_buf.c:84 apr_file_open failure, code:720002 系统找不到指定的文件。  .
[2017-09-20 11:47:52.453] 648 oss_util.c:314 Open read file fail, filename:d:/unzip/e5adf5389828242314123e789328ee14/1_004/dress.png
[2017-09-20 11:48:18.279] 648 aos_buf.c:84 apr_file_open failure, code:720002 系统找不到指定的文件。  .
[2017-09-20 11:48:18.279] 648 oss_util.c:314 Open read file fail, filename:d:/unzip/e5adf5389828242314123e789328ee14/1_005/matt.png
[2017-09-20 11:48:18.291] 604 aos_buf.c:84 apr_file_open failure, code:720002 系统找不到指定的文件。  .
[2017-09-20 11:48:18.291] 604 oss_util.c:314 Open read file fail, filename:d:/unzip/e5adf5389828242314123e789328ee14/1_005/dress.png
[2017-09-20 11:48:42.316] 604 aos_buf.c:84 apr_file_open failure, code:720002 系统找不到指定的文件。  .
[2017-09-20 11:48:42.317] 604 oss_util.c:314 Open read file fail, filename:d:/unzip/e5adf5389828242314123e789328ee14/1_006/matt.png
[2017-09-20 11:48:42.323] 648 aos_buf.c:84 apr_file_open failure, code:720002 系统找不到指定的文件。  .
[2017-09-20 11:48:42.323] 648 oss_util.c:314 Open read file fail, filename:d:/unzip/e5adf5389828242314123e789328ee14/1_006/dress.png
[2017-09-20 11:49:09.905] 604 aos_buf.c:84 apr_file_open failure, code:720002 系统找不到指定的文件。  .
[2017-09-20 11:49:09.905] 604 oss_util.c:314 Open read file fail, filename:d:/unzip/e5adf5389828242314123e789328ee14/1_007/matt.png
[2017-09-20 11:49:09.911] 648 aos_buf.c:84 apr_file_open failure, code:720002 系统找不到指定的文件。  .
[2017-09-20 11:49:09.911] 648 oss_util.c:314 Open read file fail, filename:d:/unzip/e5adf5389828242314123e789328ee14/1_007/dress.png
[2017-09-20 11:49:34.639] 648 aos_buf.c:84 apr_file_open failure, code:720002 系统找不到指定的文件。  .
[2017-09-20 11:49:34.639] 648 oss_util.c:314 Open read file fail, filename:d:/unzip/e5adf5389828242314123e789328ee14/1_008/matt.png
[2017-09-20 11:49:34.647] 604 aos_buf.c:84 apr_file_open failure, code:720002 系统找不到指定的文件。  .
[2017-09-20 11:49:34.647] 604 oss_util.c:314 Open read file fail, filename:d:/unzip/e5adf5389828242314123e789328ee14/1_008/dress.png
[2017-09-20 15:46:06.086] 648 aos_transport.c:445 transport failure curl code:28 error:a timeout was reached
[2017-09-20 18:36:58.162] 648 aos_buf.c:84 apr_file_open failure, code:720003 系统找不到指定的路径。  .
[2017-09-20 18:36:58.178] 648 oss_util.c:314 Open read file fail, filename:
[2017-09-20 18:38:54.590] 604 aos_transport.c:445 transport failure curl code:28 error:a timeout was reached
[2017-09-20 18:43:22.383] 648 aos_buf.c:84 apr_file_open failure, code:720003 系统找不到指定的路径。  .
[2017-09-20 18:43:22.384] 648 oss_util.c:314 Open read file fail, filename:
[2017-09-20 18:44:50.179] 604 aos_buf.c:84 apr_file_open failure, code:720003 系统找不到指定的路径。  .
[2017-09-20 18:44:50.180] 604 oss_util.c:314 Open read file fail, filename:
[2017-09-20 18:49:58.357] 604 aos_buf.c:84 apr_file_open failure, code:720003 系统找不到指定的路径。  .
[2017-09-20 18:49:58.357] 604 oss_util.c:314 Open read file fail, filename:
[2017-09-20 18:52:07.936] 604 aos_buf.c:84 apr_file_open failure, code:720003 系统找不到指定的路径。  .
[2017-09-20 18:52:07.936] 604 oss_util.c:314 Open read file fail, filename:
[2017-09-20 19:04:42.468] 604 aos_buf.c:84 apr_file_open failure, code:720003 系统找不到指定的路径。  .
[2017-09-20 19:04:42.469] 604 oss_util.c:314 Open read file fail, filename:
[2017-09-21 16:00:22.247] 604 aos_buf.c:84 apr_file_open failure, code:720003 系统找不到指定的路径。  .
[2017-09-21 16:00:22.343] 604 oss_util.c:314 Open read file fail, filename:d:\unzip\b20eee1282285bb98c02a62e5cf9fb49\1_018\1A3A9305.png/matt.png
[2017-09-21 16:00:22.399] 648 aos_buf.c:84 apr_file_open failure, code:720003 系统找不到指定的路径。  .
[2017-09-21 16:00:22.399] 648 oss_util.c:314 Open read file fail, filename:d:\unzip\b20eee1282285bb98c02a62e5cf9fb49\1_018\1A3A9305.png/dress.png
[2017-09-21 16:01:08.357] 712 aos_buf.c:84 apr_file_open failure, code:720003 系统找不到指定的路径。  .
[2017-09-21 16:01:08.357] 712 oss_util.c:314 Open read file fail, filename:d:\unzip\b20eee1282285bb98c02a62e5cf9fb49\1_019\1A3A9306.png/matt.png
[2017-09-21 16:01:08.362] 648 aos_buf.c:84 apr_file_open failure, code:720003 系统找不到指定的路径。  .
[2017-09-21 16:01:08.362] 648 oss_util.c:314 Open read file fail, filename:d:\unzip\b20eee1282285bb98c02a62e5cf9fb49\1_019\1A3A9306.png/dress.png
[2017-09-21 16:53:11.299] 712 aos_buf.c:84 apr_file_open failure, code:720003 系统找不到指定的路径。  .
[2017-09-21 16:53:11.300] 712 oss_util.c:314 Open read file fail, filename:d:\unzip\a4535d0c0760d23605a10caa18d86938\1_101\IMG_9897.png/matt.png
[2017-09-21 16:53:11.306] 604 aos_buf.c:84 apr_file_open failure, code:720003 系统找不到指定的路径。  .
[2017-09-21 16:53:11.306] 604 oss_util.c:314 Open read file fail, filename:d:\unzip\a4535d0c0760d23605a10caa18d86938\1_101\IMG_9897.png/dress.png
[2017-09-21 16:54:02.064] 604 aos_buf.c:84 apr_file_open failure, code:720003 系统找不到指定的路径。  .
[2017-09-21 16:54:02.064] 604 oss_util.c:314 Open read file fail, filename:d:\unzip\a4535d0c0760d23605a10caa18d86938\1_102\IMG_9898.png/matt.png
[2017-09-21 16:54:02.081] 712 aos_buf.c:84 apr_file_open failure, code:720003 系统找不到指定的路径。  .
[2017-09-21 16:54:02.081] 712 oss_util.c:314 Open read file fail, filename:d:\unzip\a4535d0c0760d23605a10caa18d86938\1_102\IMG_9898.png/dress.png
[2017-09-21 16:55:45.260] 604 aos_buf.c:84 apr_file_open failure, code:720003 系统找不到指定的路径。  .
[2017-09-21 16:55:45.260] 604 oss_util.c:314 Open read file fail, filename:d:\unzip\a4535d0c0760d23605a10caa18d86938\1_106\IMG_9905.png/matt.png
[2017-09-21 16:55:45.262] 712 aos_buf.c:84 apr_file_open failure, code:720003 系统找不到指定的路径。  .
[2017-09-21 16:55:45.262] 712 oss_util.c:314 Open read file fail, filename:d:\unzip\a4535d0c0760d23605a10caa18d86938\1_106\IMG_9905.png/dress.png
[2017-09-21 16:56:32.073] 712 aos_buf.c:84 apr_file_open failure, code:720003 系统找不到指定的路径。  .
[2017-09-21 16:56:32.073] 712 oss_util.c:314 Open read file fail, filename:d:\unzip\a4535d0c0760d23605a10caa18d86938\1_107\IMG_9907.png/matt.png
[2017-09-21 16:56:32.076] 604 aos_buf.c:84 apr_file_open failure, code:720003 系统找不到指定的路径。  .
[2017-09-21 16:56:32.076] 604 oss_util.c:314 Open read file fail, filename:d:\unzip\a4535d0c0760d23605a10caa18d86938\1_107\IMG_9907.png/dress.png
[2017-09-21 16:57:23.201] 604 aos_buf.c:84 apr_file_open failure, code:720003 系统找不到指定的路径。  .
[2017-09-21 16:57:23.201] 604 oss_util.c:314 Open read file fail, filename:d:\unzip\a4535d0c0760d23605a10caa18d86938\1_108\IMG_9908.png/matt.png
[2017-09-21 16:57:23.203] 712 aos_buf.c:84 apr_file_open failure, code:720003 系统找不到指定的路径。  .
[2017-09-21 16:57:23.203] 712 oss_util.c:314 Open read file fail, filename:d:\unzip\a4535d0c0760d23605a10caa18d86938\1_108\IMG_9908.png/dress.png
[2017-09-21 16:58:08.598] 712 aos_buf.c:84 apr_file_open failure, code:720003 系统找不到指定的路径。  .
[2017-09-21 16:58:08.598] 712 oss_util.c:314 Open read file fail, filename:d:\unzip\a4535d0c0760d23605a10caa18d86938\1_109\IMG_9909.png/matt.png
[2017-09-21 16:58:08.599] 604 aos_buf.c:84 apr_file_open failure, code:720003 系统找不到指定的路径。  .
[2017-09-21 16:58:08.599] 604 oss_util.c:314 Open read file fail, filename:d:\unzip\a4535d0c0760d23605a10caa18d86938\1_109\IMG_9909.png/dress.png
[2017-09-21 16:59:04.785] 604 aos_buf.c:84 apr_file_open failure, code:720003 系统找不到指定的路径。  .
[2017-09-21 16:59:04.785] 604 oss_util.c:314 Open read file fail, filename:d:\unzip\a4535d0c0760d23605a10caa18d86938\1_110\IMG_9910.png/matt.png
[2017-09-21 16:59:04.792] 712 aos_buf.c:84 apr_file_open failure, code:720003 系统找不到指定的路径。  .
[2017-09-21 16:59:04.792] 712 oss_util.c:314 Open read file fail, filename:d:\unzip\a4535d0c0760d23605a10caa18d86938\1_110\IMG_9910.png/dress.png
[2017-09-21 17:08:31.377] 604 aos_buf.c:84 apr_file_open failure, code:720003 系统找不到指定的路径。  .
[2017-09-21 17:08:31.377] 604 oss_util.c:314 Open read file fail, filename:d:\unzip\2d880cd75b581aabdb33349b3f8f6772\1_108\IMG_9908.png/matt.png
[2017-09-21 17:08:31.384] 712 aos_buf.c:84 apr_file_open failure, code:720003 系统找不到指定的路径。  .
[2017-09-21 17:08:31.384] 712 oss_util.c:314 Open read file fail, filename:d:\unzip\2d880cd75b581aabdb33349b3f8f6772\1_108\IMG_9908.png/dress.png
[2017-09-21 17:09:10.311] 712 aos_buf.c:84 apr_file_open failure, code:720003 系统找不到指定的路径。  .
[2017-09-21 17:09:10.312] 712 oss_util.c:314 Open read file fail, filename:d:\unzip\2d880cd75b581aabdb33349b3f8f6772\1_109\IMG_9909.png/matt.png
[2017-09-21 17:09:10.328] 604 aos_buf.c:84 apr_file_open failure, code:720003 系统找不到指定的路径。  .
[2017-09-21 17:09:10.328] 604 oss_util.c:314 Open read file fail, filename:d:\unzip\2d880cd75b581aabdb33349b3f8f6772\1_109\IMG_9909.png/dress.png
[2017-09-21 17:10:01.310] 604 aos_buf.c:84 apr_file_open failure, code:720003 系统找不到指定的路径。  .
[2017-09-21 17:10:01.310] 604 oss_util.c:314 Open read file fail, filename:d:\unzip\2d880cd75b581aabdb33349b3f8f6772\1_110\IMG_9910.png/matt.png
[2017-09-21 17:10:01.312] 712 aos_buf.c:84 apr_file_open failure, code:720003 系统找不到指定的路径。  .
[2017-09-21 17:10:01.312] 712 oss_util.c:314 Open read file fail, filename:d:\unzip\2d880cd75b581aabdb33349b3f8f6772\1_110\IMG_9910.png/dress.png
[2017-09-21 17:13:13.439] 604 aos_buf.c:84 apr_file_open failure, code:720003 系统找不到指定的路径。  .
[2017-09-21 17:13:13.439] 604 oss_util.c:314 Open read file fail, filename:d:\unzip\ce492b177d552553c85e681d24d7871d\1_1\IMG_9958.png/matt.png
[2017-09-21 17:13:13.446] 712 aos_buf.c:84 apr_file_open failure, code:720003 系统找不到指定的路径。  .
[2017-09-21 17:13:13.446] 712 oss_util.c:314 Open read file fail, filename:d:\unzip\ce492b177d552553c85e681d24d7871d\1_1\IMG_9958.png/dress.png
[2017-09-21 17:21:06.212] 712 aos_buf.c:84 apr_file_open failure, code:720003 系统找不到指定的路径。  .
[2017-09-21 17:21:06.212] 712 oss_util.c:314 Open read file fail, filename:
[2017-09-21 17:26:14.508] 712 aos_buf.c:84 apr_file_open failure, code:720003 系统找不到指定的路径。  .
[2017-09-21 17:26:14.509] 712 oss_util.c:314 Open read file fail, filename:d:\unzip\3a7467ced9a49653d1713b9467f9d8eb\1_024\1A3A9314.png/matt.png
[2017-09-21 17:26:14.525] 604 aos_buf.c:84 apr_file_open failure, code:720003 系统找不到指定的路径。  .
[2017-09-21 17:26:14.525] 604 oss_util.c:314 Open read file fail, filename:d:\unzip\3a7467ced9a49653d1713b9467f9d8eb\1_024\1A3A9314.png/dress.png
[2017-09-21 17:26:55.978] 712 aos_buf.c:84 apr_file_open failure, code:720003 系统找不到指定的路径。  .
[2017-09-21 17:26:55.978] 712 oss_util.c:314 Open read file fail, filename:d:\unzip\3a7467ced9a49653d1713b9467f9d8eb\1_027\1A3A9320.png/matt.png
[2017-09-21 17:26:55.985] 604 aos_buf.c:84 apr_file_open failure, code:720003 系统找不到指定的路径。  .
[2017-09-21 17:26:55.985] 604 oss_util.c:314 Open read file fail, filename:d:\unzip\3a7467ced9a49653d1713b9467f9d8eb\1_027\1A3A9320.png/dress.png
[2017-09-21 17:30:28.050] 604 aos_buf.c:84 apr_file_open failure, code:720003 系统找不到指定的路径。  .
[2017-09-21 17:30:28.051] 604 oss_util.c:314 Open read file fail, filename:d:\unzip\3a7467ced9a49653d1713b9467f9d8eb\1_024\1A3A9314.png/matt.png
[2017-09-21 17:30:28.062] 712 aos_buf.c:84 apr_file_open failure, code:720003 系统找不到指定的路径。  .
[2017-09-21 17:30:28.062] 712 oss_util.c:314 Open read file fail, filename:d:\unzip\3a7467ced9a49653d1713b9467f9d8eb\1_024\1A3A9314.png/dress.png
[2017-09-21 17:31:10.908] 604 aos_buf.c:84 apr_file_open failure, code:720003 系统找不到指定的路径。  .
[2017-09-21 17:31:10.909] 604 oss_util.c:314 Open read file fail, filename:d:\unzip\3a7467ced9a49653d1713b9467f9d8eb\1_027\1A3A9320.png/matt.png
[2017-09-21 17:31:10.916] 712 aos_buf.c:84 apr_file_open failure, code:720003 系统找不到指定的路径。  .
[2017-09-21 17:31:10.916] 712 oss_util.c:314 Open read file fail, filename:d:\unzip\3a7467ced9a49653d1713b9467f9d8eb\1_027\1A3A9320.png/dress.png
[2017-09-21 17:35:27.135] 712 aos_buf.c:84 apr_file_open failure, code:720003 系统找不到指定的路径。  .
[2017-09-21 17:35:27.135] 712 oss_util.c:314 Open read file fail, filename:d:\unzip\0a8d5a82b929300d23205d8f687db83f\1_111\IMG_9911.png/matt.png
[2017-09-21 17:35:27.142] 604 aos_buf.c:84 apr_file_open failure, code:720003 系统找不到指定的路径。  .
[2017-09-21 17:35:27.142] 604 oss_util.c:314 Open read file fail, filename:d:\unzip\0a8d5a82b929300d23205d8f687db83f\1_111\IMG_9911.png/dress.png
[2017-09-21 17:36:20.072] 604 aos_buf.c:84 apr_file_open failure, code:720003 系统找不到指定的路径。  .
[2017-09-21 17:36:20.072] 604 oss_util.c:314 Open read file fail, filename:d:\unzip\0a8d5a82b929300d23205d8f687db83f\1_112\IMG_9912.png/matt.png
[2017-09-21 17:36:20.078] 712 aos_buf.c:84 apr_file_open failure, code:720003 系统找不到指定的路径。  .
[2017-09-21 17:36:20.078] 712 oss_util.c:314 Open read file fail, filename:d:\unzip\0a8d5a82b929300d23205d8f687db83f\1_112\IMG_9912.png/dress.png
[2017-09-21 17:38:42.486] 604 aos_buf.c:84 apr_file_open failure, code:720003 系统找不到指定的路径。  .
[2017-09-21 17:38:42.487] 604 oss_util.c:314 Open read file fail, filename:d:\unzip\0a8d5a82b929300d23205d8f687db83f\1_115\IMG_9917.png/matt.png
[2017-09-21 17:38:42.494] 712 aos_buf.c:84 apr_file_open failure, code:720003 系统找不到指定的路径。  .
[2017-09-21 17:38:42.494] 712 oss_util.c:314 Open read file fail, filename:d:\unzip\0a8d5a82b929300d23205d8f687db83f\1_115\IMG_9917.png/dress.png
[2017-09-21 17:39:29.685] 712 aos_buf.c:84 apr_file_open failure, code:720003 系统找不到指定的路径。  .
[2017-09-21 17:39:29.685] 712 oss_util.c:314 Open read file fail, filename:d:\unzip\0a8d5a82b929300d23205d8f687db83f\1_116\IMG_9921.png/matt.png
[2017-09-21 17:39:29.694] 604 aos_buf.c:84 apr_file_open failure, code:720003 系统找不到指定的路径。  .
[2017-09-21 17:39:29.695] 604 oss_util.c:314 Open read file fail, filename:d:\unzip\0a8d5a82b929300d23205d8f687db83f\1_116\IMG_9921.png/dress.png
[2017-09-21 17:40:20.969] 604 aos_buf.c:84 apr_file_open failure, code:720003 系统找不到指定的路径。  .
[2017-09-21 17:40:20.969] 604 oss_util.c:314 Open read file fail, filename:d:\unzip\0a8d5a82b929300d23205d8f687db83f\1_117\IMG_9923.png/matt.png
[2017-09-21 17:40:20.975] 712 aos_buf.c:84 apr_file_open failure, code:720003 系统找不到指定的路径。  .
[2017-09-21 17:40:20.975] 712 oss_util.c:314 Open read file fail, filename:d:\unzip\0a8d5a82b929300d23205d8f687db83f\1_117\IMG_9923.png/dress.png
[2017-09-21 17:41:13.084] 604 aos_buf.c:84 apr_file_open failure, code:720003 系统找不到指定的路径。  .
[2017-09-21 17:41:13.085] 604 oss_util.c:314 Open read file fail, filename:d:\unzip\0a8d5a82b929300d23205d8f687db83f\1_118\IMG_9925.png/matt.png
[2017-09-21 17:41:13.100] 712 aos_buf.c:84 apr_file_open failure, code:720003 系统找不到指定的路径。  .
[2017-09-21 17:41:13.100] 712 oss_util.c:314 Open read file fail, filename:d:\unzip\0a8d5a82b929300d23205d8f687db83f\1_118\IMG_9925.png/dress.png
[2017-09-21 17:42:00.838] 712 aos_buf.c:84 apr_file_open failure, code:720003 系统找不到指定的路径。  .
[2017-09-21 17:42:00.839] 712 oss_util.c:314 Open read file fail, filename:d:\unzip\0a8d5a82b929300d23205d8f687db83f\1_119\IMG_9926.png/matt.png
[2017-09-21 17:42:00.846] 604 aos_buf.c:84 apr_file_open failure, code:720003 系统找不到指定的路径。  .
[2017-09-21 17:42:00.846] 604 oss_util.c:314 Open read file fail, filename:d:\unzip\0a8d5a82b929300d23205d8f687db83f\1_119\IMG_9926.png/dress.png
[2017-09-21 17:42:59.533] 712 aos_buf.c:84 apr_file_open failure, code:720003 系统找不到指定的路径。  .
[2017-09-21 17:42:59.533] 712 oss_util.c:314 Open read file fail, filename:d:\unzip\0a8d5a82b929300d23205d8f687db83f\1_120\IMG_9927.png/matt.png
[2017-09-21 17:42:59.549] 604 aos_buf.c:84 apr_file_open failure, code:720003 系统找不到指定的路径。  .
[2017-09-21 17:42:59.549] 604 oss_util.c:314 Open read file fail, filename:d:\unzip\0a8d5a82b929300d23205d8f687db83f\1_120\IMG_9927.png/dress.png
[2017-09-22 10:44:15.074] 712 aos_transport.c:445 transport failure curl code:28 error:a timeout was reached
[2017-09-22 13:06:04.377] 604 aos_transport.c:445 transport failure curl code:28 error:a timeout was reached
[2017-09-22 14:35:07.540] 712 aos_buf.c:84 apr_file_open failure, code:720003 系统找不到指定的路径。  .
[2017-09-22 14:35:07.540] 712 oss_util.c:314 Open read file fail, filename:
[2017-09-22 17:41:37.308] 604 aos_transport.c:445 transport failure curl code:28 error:a timeout was reached
[2017-09-25 10:40:54.130] 176 main.cpp:561 start
[2017-09-25 15:03:31.388] 176 main.cpp:561 start
[2017-09-26 14:46:52.566] 176 main.cpp:561 start
[2017-09-26 15:17:45.203] 176 main.cpp:561 start
[2017-09-26 17:00:58.335] 176 main.cpp:561 start
[2017-09-26 17:02:52.213] 176 main.cpp:561 start
[2017-09-26 17:07:40.118] 176 main.cpp:561 start
[2017-09-26 17:26:43.726] 176 main.cpp:561 start
[2017-09-26 17:31:10.579] 176 main.cpp:561 start
[2017-09-26 17:33:03.474] 176 main.cpp:561 start
[2017-09-26 17:38:35.553] 176 main.cpp:561 start
[2017-10-09 14:53:17.365] 176 main.cpp:561 start
