Build started 2017/10/9 14:41:53.
     1>Project "D:\code\oss-server-2017-1-13\oss-c-sdk-server\oss-c-sdk-server\oss-c-sdk-server.vcxproj" on node 2 (Rebuild target(s)).
     1>ClCompile:
         C:\Program Files (x86)\Microsoft Visual Studio 12.0\VC\bin\CL.exe /c /Zi /nologo /W3 /WX- /sdl /O2 /Oi /Oy- /GL /D _MBCS /Gm- /EHsc /MD /GS /Gy /fp:precise /Zc:wchar_t /Zc:forScope /Fo"D:\code\oss-server-2017-1-13\oss-c-sdk-server\\obj\Win32\Release\oss-c-sdk-server\\" /Fd"D:\code\oss-server-2017-1-13\oss-c-sdk-server\\obj\Win32\Release\oss-c-sdk-server\vc120.pdb" /Gd /TP /analyze- /errorReport:prompt configManager.cpp main.cpp
         configManager.cpp
         main.cpp
       Link:
         C:\Program Files (x86)\Microsoft Visual Studio 12.0\VC\bin\link.exe /ERRORREPORT:PROMPT /OUT:"D:\code\oss-server-2017-1-13\oss-c-sdk-server\\bin\Win32\Release\oss-c-sdk-server.exe" /NOLOGO /LIBPATH:"..\oss-c-sdk\lib\Release" /LIBPATH:..\3other\lib /LIBPATH:..\3other\lib\http_tool\Release "libapr-1.lib" "libaprutil-1.lib" curl.lib mxml1.lib oss_c_sdk.lib ws2_32.lib HttpSRV.lib glog/libglog.lib kernel32.lib user32.lib gdi32.lib winspool.lib comdlg32.lib advapi32.lib shell32.lib ole32.lib oleaut32.lib uuid.lib odbc32.lib odbccp32.lib /MANIFEST /MANIFESTUAC:"level='asInvoker' uiAccess='false'" /manifest:embed /DEBUG /PDB:"D:\code\oss-server-2017-1-13\oss-c-sdk-server\\bin\Win32\Release\oss-c-sdk-server.pdb" /OPT:REF /OPT:ICF /LTCG /TLBID:1 /DYNAMICBASE /NXCOMPAT /IMPLIB:"D:\code\oss-server-2017-1-13\oss-c-sdk-server\\bin\Win32\Release\oss-c-sdk-server.lib" /MACHINE:X86 /SAFESEH "D:\code\oss-server-2017-1-13\oss-c-sdk-server\\obj\Win32\Release\oss-c-sdk-server\configManager.obj"
         "D:\code\oss-server-2017-1-13\oss-c-sdk-server\\obj\Win32\Release\oss-c-sdk-server\main.obj"
         Generating code
         Finished generating code
     1>oss_c_sdk.lib(aos_http_io.obj) : warning LNK4099: PDB 'vc120.pdb' was not found with 'oss_c_sdk.lib(aos_http_io.obj)' or at 'D:\code\oss-server-2017-1-13\oss-c-sdk-server\bin\Win32\Release\vc120.pdb'; linking object as if no debug info
     1>oss_c_sdk.lib(aos_log.obj) : warning LNK4099: PDB 'vc120.pdb' was not found with 'oss_c_sdk.lib(aos_log.obj)' or at 'D:\code\oss-server-2017-1-13\oss-c-sdk-server\bin\Win32\Release\vc120.pdb'; linking object as if no debug info
     1>oss_c_sdk.lib(oss_object.obj) : warning LNK4099: PDB 'vc120.pdb' was not found with 'oss_c_sdk.lib(oss_object.obj)' or at 'D:\code\oss-server-2017-1-13\oss-c-sdk-server\bin\Win32\Release\vc120.pdb'; linking object as if no debug info
     1>oss_c_sdk.lib(oss_util.obj) : warning LNK4099: PDB 'vc120.pdb' was not found with 'oss_c_sdk.lib(oss_util.obj)' or at 'D:\code\oss-server-2017-1-13\oss-c-sdk-server\bin\Win32\Release\vc120.pdb'; linking object as if no debug info
     1>oss_c_sdk.lib(oss_define.obj) : warning LNK4099: PDB 'vc120.pdb' was not found with 'oss_c_sdk.lib(oss_define.obj)' or at 'D:\code\oss-server-2017-1-13\oss-c-sdk-server\bin\Win32\Release\vc120.pdb'; linking object as if no debug info
     1>oss_c_sdk.lib(aos_buf.obj) : warning LNK4099: PDB 'vc120.pdb' was not found with 'oss_c_sdk.lib(aos_buf.obj)' or at 'D:\code\oss-server-2017-1-13\oss-c-sdk-server\bin\Win32\Release\vc120.pdb'; linking object as if no debug info
     1>oss_c_sdk.lib(aos_transport.obj) : warning LNK4099: PDB 'vc120.pdb' was not found with 'oss_c_sdk.lib(aos_transport.obj)' or at 'D:\code\oss-server-2017-1-13\oss-c-sdk-server\bin\Win32\Release\vc120.pdb'; linking object as if no debug info
     1>oss_c_sdk.lib(aos_status.obj) : warning LNK4099: PDB 'vc120.pdb' was not found with 'oss_c_sdk.lib(aos_status.obj)' or at 'D:\code\oss-server-2017-1-13\oss-c-sdk-server\bin\Win32\Release\vc120.pdb'; linking object as if no debug info
     1>oss_c_sdk.lib(oss_auth.obj) : warning LNK4099: PDB 'vc120.pdb' was not found with 'oss_c_sdk.lib(oss_auth.obj)' or at 'D:\code\oss-server-2017-1-13\oss-c-sdk-server\bin\Win32\Release\vc120.pdb'; linking object as if no debug info
     1>oss_c_sdk.lib(aos_util.obj) : warning LNK4099: PDB 'vc120.pdb' was not found with 'oss_c_sdk.lib(aos_util.obj)' or at 'D:\code\oss-server-2017-1-13\oss-c-sdk-server\bin\Win32\Release\vc120.pdb'; linking object as if no debug info
     1>oss_c_sdk.lib(aos_string.obj) : warning LNK4099: PDB 'vc120.pdb' was not found with 'oss_c_sdk.lib(aos_string.obj)' or at 'D:\code\oss-server-2017-1-13\oss-c-sdk-server\bin\Win32\Release\vc120.pdb'; linking object as if no debug info
     1>oss_c_sdk.lib(aos_fstack.obj) : warning LNK4099: PDB 'vc120.pdb' was not found with 'oss_c_sdk.lib(aos_fstack.obj)' or at 'D:\code\oss-server-2017-1-13\oss-c-sdk-server\bin\Win32\Release\vc120.pdb'; linking object as if no debug info
     1>oss_c_sdk.lib(aos_crc64.obj) : warning LNK4099: PDB 'vc120.pdb' was not found with 'oss_c_sdk.lib(aos_crc64.obj)' or at 'D:\code\oss-server-2017-1-13\oss-c-sdk-server\bin\Win32\Release\vc120.pdb'; linking object as if no debug info
         oss-c-sdk-server.vcxproj -> D:\code\oss-server-2017-1-13\oss-c-sdk-server\\bin\Win32\Release\oss-c-sdk-server.exe
       PostBuildEvent:
         copy  D:\code\oss-server-2017-1-13\oss-c-sdk-server\\bin\Win32\Release\oss-c-sdk-server.exe   D:\code\oss-server-2017-1-13\oss-c-sdk-server\oss-c-sdk-server\..\dll
         copy  D:\code\oss-server-2017-1-13\oss-c-sdk-server\oss-c-sdk-server\..\3other\lib\http_tool\Release\*  D:\code\oss-server-2017-1-13\oss-c-sdk-server\oss-c-sdk-server\..\dll
         :VCEnd
         已复制         1 个文件。
         D:\code\oss-server-2017-1-13\oss-c-sdk-server\oss-c-sdk-server\..\3other\lib\http_tool\Release\HttpSRV.dll
         D:\code\oss-server-2017-1-13\oss-c-sdk-server\oss-c-sdk-server\..\3other\lib\http_tool\Release\HttpSRV.lib
         已复制         2 个文件。
     1>Done Building Project "D:\code\oss-server-2017-1-13\oss-c-sdk-server\oss-c-sdk-server\oss-c-sdk-server.vcxproj" (Rebuild target(s)).

Build succeeded.

Time Elapsed 00:00:01.94
