d:\git_hub\yzm\auto_dress\auto_dress\bin\x64\debug\auto_dress.lib
d:\git_hub\yzm\auto_dress\auto_dress\bin\x64\debug\auto_dress.exp
d:\git_hub\yzm\auto_dress\auto_dress\obj\x64\debug\auto_dress\vc140.pdb
d:\git_hub\yzm\auto_dress\auto_dress\obj\x64\debug\auto_dress\vc140.idb
d:\git_hub\yzm\auto_dress\auto_dress\obj\x64\debug\auto_dress\autodress.obj
d:\git_hub\yzm\auto_dress\auto_dress\obj\x64\debug\auto_dress\config.obj
d:\git_hub\yzm\auto_dress\auto_dress\obj\x64\debug\auto_dress\iapp.obj
d:\git_hub\yzm\auto_dress\auto_dress\obj\x64\debug\auto_dress\main.obj
d:\git_hub\yzm\auto_dress\auto_dress\obj\x64\debug\auto_dress\yzm_file_system.obj
d:\git_hub\yzm\auto_dress\auto_dress\obj\x64\debug\auto_dress\yzm_log.obj
d:\git_hub\yzm\auto_dress\auto_dress\obj\x64\debug\auto_dress\yzm_zip_helper.obj
d:\git_hub\yzm\auto_dress\auto_dress\obj\x64\debug\auto_dress\yzm_string_helper.obj
d:\git_hub\yzm\auto_dress\auto_dress\obj\x64\debug\auto_dress\yzm_assist.obj
d:\git_hub\yzm\auto_dress\auto_dress\obj\x64\debug\auto_dress\unzip.obj
d:\git_hub\yzm\auto_dress\auto_dress\obj\x64\debug\auto_dress\zip.obj
d:\git_hub\yzm\auto_dress\auto_dress\bin\x64\debug\auto_dress.ilk
d:\git_hub\yzm\auto_dress\auto_dress\bin\x64\debug\auto_dress.exe
d:\git_hub\yzm\auto_dress\auto_dress\bin\x64\debug\auto_dress.pdb
d:\git_hub\yzm\auto_dress\auto_dress\\bin\x64\debug\auto_dress.pdb
d:\git_hub\yzm\auto_dress\auto_dress\\bin\x64\debug\auto_dress.exe
d:\git_hub\yzm\auto_dress\auto_dress\\bin\x64\debug\auto_dress.ilk
d:\git_hub\yzm\auto_dress\auto_dress\obj\x64\debug\auto_dress\auto_dress.tlog\auto_dress.write.1u.tlog
d:\git_hub\yzm\auto_dress\auto_dress\obj\x64\debug\auto_dress\auto_dress.tlog\cl.command.1.tlog
d:\git_hub\yzm\auto_dress\auto_dress\obj\x64\debug\auto_dress\auto_dress.tlog\cl.read.1.tlog
d:\git_hub\yzm\auto_dress\auto_dress\obj\x64\debug\auto_dress\auto_dress.tlog\cl.write.1.tlog
d:\git_hub\yzm\auto_dress\auto_dress\obj\x64\debug\auto_dress\auto_dress.tlog\link.command.1.tlog
d:\git_hub\yzm\auto_dress\auto_dress\obj\x64\debug\auto_dress\auto_dress.tlog\link.read.1.tlog
d:\git_hub\yzm\auto_dress\auto_dress\obj\x64\debug\auto_dress\auto_dress.tlog\link.write.1.tlog
